::1 - - [04/Sep/2025:09:54:39 +1000] "GET /ampps HTTP/1.1" 301 231
::1 - - [04/Sep/2025:09:54:39 +1000] "GET /ampps/ HTTP/1.1" 200 71715
::1 - - [04/Sep/2025:09:54:39 +1000] "GET /ampps/themes/default/font-awesome.css?6.2.7 HTTP/1.1" 200 7345
::1 - - [04/Sep/2025:09:54:39 +1000] "GET /ampps/themes/default/style.css?6.2.7 HTTP/1.1" 200 76638
::1 - - [04/Sep/2025:09:54:39 +1000] "GET /ampps/themes/default/bootstrap/js/bootstrap.min.js?6.2.7 HTTP/1.1" 200 63240
::1 - - [04/Sep/2025:09:54:39 +1000] "GET /ampps/themes/default/css/font-awesome-5.css?6.2.7 HTTP/1.1" 200 76876
::1 - - [04/Sep/2025:09:54:39 +1000] "GET /ampps/themes/default/bootstrap/css/bootstrap.min.css?6.2.7 HTTP/1.1" 200 160392
::1 - - [04/Sep/2025:09:54:39 +1000] "GET /ampps/themes/default/cache/cache.js?1756943639 HTTP/1.1" 200 85215
::1 - - [04/Sep/2025:09:54:39 +1000] "GET /ampps/themes/default/js/combined.js?6.2.7 HTTP/1.1" 200 141359
::1 - - [04/Sep/2025:09:54:39 +1000] "GET /ampps/themes/default/js/popper.min.js?6.2.7 HTTP/1.1" 200 21232
::1 - - [04/Sep/2025:09:54:39 +1000] "GET /ampps/themes/default/images/ampps/header.png HTTP/1.1" 200 4330
::1 - - [04/Sep/2025:09:54:39 +1000] "GET /ampps/themes/default/images/menu.png HTTP/1.1" 200 129
::1 - - [04/Sep/2025:09:54:39 +1000] "GET /ampps/themes/default/images/fb_loader.gif HTTP/1.1" 200 1226
::1 - - [04/Sep/2025:09:54:39 +1000] "GET /ampps/themes/default/images/search.png HTTP/1.1" 200 1295
::1 - - [04/Sep/2025:09:54:39 +1000] "GET /ampps/themes/default/images/info_star.png HTTP/1.1" 200 4314
::1 - - [04/Sep/2025:09:54:39 +1000] "GET /ampps/themes/default/images/ampps/ratings.png HTTP/1.1" 200 2583
::1 - - [04/Sep/2025:09:54:39 +1000] "GET /ampps/themes/default/images/ampps/security.png HTTP/1.1" 200 3350
::1 - - [04/Sep/2025:09:54:39 +1000] "GET /ampps/themes/default/images/ampps/secure.png HTTP/1.1" 200 2811
::1 - - [04/Sep/2025:09:54:39 +1000] "GET /ampps/themes/default/images/ampps/status.png HTTP/1.1" 200 3603
::1 - - [04/Sep/2025:09:54:39 +1000] "GET /ampps/themes/default/images/ampps/domains.png HTTP/1.1" 200 3307
::1 - - [04/Sep/2025:09:54:39 +1000] "GET /ampps/themes/default/images/ampps/alias.png HTTP/1.1" 200 1217
::1 - - [04/Sep/2025:09:54:39 +1000] "GET /ampps/themes/default/images/wp.png HTTP/1.1" 200 2980
::1 - - [04/Sep/2025:09:54:39 +1000] "GET /ampps/themes/default/images/ampps/adddomain.png HTTP/1.1" 200 3867
::1 - - [04/Sep/2025:09:54:39 +1000] "GET /ampps/themes/default/images/ampps/adddb.png HTTP/1.1" 200 2427
::1 - - [04/Sep/2025:09:54:39 +1000] "GET /ampps/themes/default/images/ampps/phpinfo.png HTTP/1.1" 200 2760
::1 - - [04/Sep/2025:09:54:39 +1000] "GET /ampps/themes/default/images/ampps/mysqlsettings.png HTTP/1.1" 200 3161
::1 - - [04/Sep/2025:09:54:39 +1000] "GET /ampps/themes/default/images/ampps/phpmyadmin.png HTTP/1.1" 200 4889
::1 - - [04/Sep/2025:09:54:39 +1000] "GET /ampps/themes/default/images/ampps/demos.png HTTP/1.1" 200 2282
::1 - - [04/Sep/2025:09:54:39 +1000] "GET /ampps/themes/default/images/ampps/backups.png HTTP/1.1" 200 1395
::1 - - [04/Sep/2025:09:54:39 +1000] "GET /ampps/themes/default/images/ampps/installations.png HTTP/1.1" 200 2652
::1 - - [04/Sep/2025:09:54:39 +1000] "GET /ampps/themes/default/images/ampps/emails.png HTTP/1.1" 200 2739
::1 - - [04/Sep/2025:09:54:39 +1000] "GET /ampps/themes/default/fonts/Poppins-Regular.woff2 HTTP/1.1" 200 49712
::1 - - [04/Sep/2025:09:54:39 +1000] "GET /ampps/themes/default/fonts/fa-regular-400.woff2 HTTP/1.1" 200 13276
::1 - - [04/Sep/2025:09:54:39 +1000] "GET /ampps/themes/default/fonts/fa-solid-900.woff2 HTTP/1.1" 200 78196
::1 - - [04/Sep/2025:09:54:39 +1000] "GET /ampps/themes/default/fonts/soft.woff?mje4hl HTTP/1.1" 200 28712
::1 - - [04/Sep/2025:09:54:51 +1000] "GET /phpmyadmin HTTP/1.1" 301 236
::1 - - [04/Sep/2025:09:54:51 +1000] "GET /phpmyadmin/ HTTP/1.1" 200 19522
::1 - - [04/Sep/2025:09:54:53 +1000] "GET /phpmyadmin/themes/pmahomme/jquery/jquery-ui.css HTTP/1.1" 200 36566
::1 - - [04/Sep/2025:09:54:53 +1000] "GET /phpmyadmin/js/vendor/codemirror/lib/codemirror.css?v=5.2.2 HTTP/1.1" 200 8720
::1 - - [04/Sep/2025:09:54:53 +1000] "GET /phpmyadmin/js/vendor/codemirror/addon/hint/show-hint.css?v=5.2.2 HTTP/1.1" 200 649
::1 - - [04/Sep/2025:09:54:53 +1000] "GET /phpmyadmin/js/vendor/codemirror/addon/lint/lint.css?v=5.2.2 HTTP/1.1" 200 3035
::1 - - [04/Sep/2025:09:54:53 +1000] "GET /phpmyadmin/js/vendor/jquery/jquery.min.js?v=5.2.2 HTTP/1.1" 200 87533
::1 - - [04/Sep/2025:09:54:53 +1000] "GET /phpmyadmin/themes/pmahomme/css/theme.css?v=5.2.2 HTTP/1.1" 200 401476
::1 - - [04/Sep/2025:09:54:53 +1000] "GET /phpmyadmin/js/vendor/jquery/jquery-migrate.min.js?v=5.2.2 HTTP/1.1" 200 13992
::1 - - [04/Sep/2025:09:54:53 +1000] "GET /phpmyadmin/js/vendor/sprintf.js?v=5.2.2 HTTP/1.1" 200 7360
::1 - - [04/Sep/2025:09:54:53 +1000] "GET /phpmyadmin/js/dist/ajax.js?v=5.2.2 HTTP/1.1" 200 30022
::1 - - [04/Sep/2025:09:54:53 +1000] "GET /phpmyadmin/js/dist/keyhandler.js?v=5.2.2 HTTP/1.1" 200 2059
::1 - - [04/Sep/2025:09:54:53 +1000] "GET /phpmyadmin/js/vendor/jquery/jquery-ui.min.js?v=5.2.2 HTTP/1.1" 200 254963
::1 - - [04/Sep/2025:09:54:53 +1000] "GET /phpmyadmin/js/dist/name-conflict-fixes.js?v=5.2.2 HTTP/1.1" 200 43
::1 - - [04/Sep/2025:09:54:53 +1000] "GET /phpmyadmin/js/vendor/bootstrap/bootstrap.bundle.min.js?v=5.2.2 HTTP/1.1" 200 80721
::1 - - [04/Sep/2025:09:54:53 +1000] "GET /phpmyadmin/js/vendor/js.cookie.js?v=5.2.2 HTTP/1.1" 200 3883
::1 - - [04/Sep/2025:09:54:53 +1000] "GET /phpmyadmin/js/vendor/jquery/jquery.validate.min.js?v=5.2.2 HTTP/1.1" 200 25308
::1 - - [04/Sep/2025:09:54:53 +1000] "GET /phpmyadmin/js/vendor/jquery/jquery-ui-timepicker-addon.js?v=5.2.2 HTTP/1.1" 200 78475
::1 - - [04/Sep/2025:09:54:53 +1000] "GET /phpmyadmin/js/vendor/jquery/jquery.debounce-1.0.6.js?v=5.2.2 HTTP/1.1" 200 1608
::1 - - [04/Sep/2025:09:54:53 +1000] "GET /phpmyadmin/js/dist/menu_resizer.js?v=5.2.2 HTTP/1.1" 200 5729
::1 - - [04/Sep/2025:09:54:53 +1000] "GET /phpmyadmin/js/dist/cross_framing_protection.js?v=5.2.2 HTTP/1.1" 200 405
::1 - - [04/Sep/2025:09:54:53 +1000] "GET /phpmyadmin/js/dist/config.js?v=5.2.2 HTTP/1.1" 200 24059
::1 - - [04/Sep/2025:09:54:53 +1000] "GET /phpmyadmin/js/dist/doclinks.js?v=5.2.2 HTTP/1.1" 200 18276
::1 - - [04/Sep/2025:09:54:53 +1000] "GET /phpmyadmin/js/dist/navigation.js?v=5.2.2 HTTP/1.1" 200 51823
::1 - - [04/Sep/2025:09:54:53 +1000] "GET /phpmyadmin/js/dist/functions.js?v=5.2.2 HTTP/1.1" 200 149833
::1 - - [04/Sep/2025:09:54:53 +1000] "GET /phpmyadmin/js/dist/indexes.js?v=5.2.2 HTTP/1.1" 200 27180
::1 - - [04/Sep/2025:09:54:53 +1000] "GET /phpmyadmin/js/dist/page_settings.js?v=5.2.2 HTTP/1.1" 200 1818
::1 - - [04/Sep/2025:09:54:53 +1000] "GET /phpmyadmin/js/dist/home.js?v=5.2.2 HTTP/1.1" 200 5552
::1 - - [04/Sep/2025:09:54:53 +1000] "GET /phpmyadmin/js/dist/common.js?v=5.2.2 HTTP/1.1" 200 4530
::1 - - [04/Sep/2025:09:54:53 +1000] "GET /phpmyadmin/js/vendor/codemirror/addon/runmode/runmode.js?v=5.2.2 HTTP/1.1" 200 2777
::1 - - [04/Sep/2025:09:54:53 +1000] "GET /phpmyadmin/js/vendor/codemirror/mode/sql/sql.js?v=5.2.2 HTTP/1.1" 200 59564
::1 - - [04/Sep/2025:09:54:53 +1000] "GET /phpmyadmin/js/vendor/codemirror/addon/hint/show-hint.js?v=5.2.2 HTTP/1.1" 200 19792
::1 - - [04/Sep/2025:09:54:53 +1000] "GET /phpmyadmin/js/vendor/codemirror/lib/codemirror.js?v=5.2.2 HTTP/1.1" 200 401653
::1 - - [04/Sep/2025:09:54:53 +1000] "GET /phpmyadmin/js/vendor/codemirror/addon/hint/sql-hint.js?v=5.2.2 HTTP/1.1" 200 9560
::1 - - [04/Sep/2025:09:54:53 +1000] "GET /phpmyadmin/js/vendor/codemirror/addon/lint/lint.js?v=5.2.2 HTTP/1.1" 200 9987
::1 - - [04/Sep/2025:09:54:53 +1000] "GET /phpmyadmin/js/dist/error_report.js?v=5.2.2 HTTP/1.1" 200 9264
::1 - - [04/Sep/2025:09:54:53 +1000] "GET /phpmyadmin/js/dist/drag_drop_import.js?v=5.2.2 HTTP/1.1" 200 12430
::1 - - [04/Sep/2025:09:54:53 +1000] "GET /phpmyadmin/js/dist/codemirror/addon/lint/sql-lint.js?v=5.2.2 HTTP/1.1" 200 968
::1 - - [04/Sep/2025:09:54:53 +1000] "GET /phpmyadmin/js/dist/shortcuts_handler.js?v=5.2.2 HTTP/1.1" 200 3303
::1 - - [04/Sep/2025:09:54:53 +1000] "GET /phpmyadmin/js/vendor/tracekit.js?v=5.2.2 HTTP/1.1" 200 48455
::1 - - [04/Sep/2025:09:54:53 +1000] "GET /phpmyadmin/js/dist/console.js?v=5.2.2 HTTP/1.1" 200 49660
::1 - - [04/Sep/2025:09:54:53 +1000] "GET /phpmyadmin/themes/dot.gif HTTP/1.1" 200 43
::1 - - [04/Sep/2025:09:54:53 +1000] "GET /phpmyadmin/themes/pmahomme/img/logo_left.png HTTP/1.1" 200 2713
::1 - - [04/Sep/2025:09:54:53 +1000] "GET /phpmyadmin/js/messages.php?l=ru&v=5.2.2&lang=ru HTTP/1.1" 200 12938
::1 - - [04/Sep/2025:09:54:54 +1000] "GET /phpmyadmin/themes/pmahomme/img/b_home.png HTTP/1.1" 200 734
::1 - - [04/Sep/2025:09:54:54 +1000] "GET /phpmyadmin/themes/pmahomme/img/s_loggoff.png HTTP/1.1" 200 626
::1 - - [04/Sep/2025:09:54:54 +1000] "GET /phpmyadmin/themes/pmahomme/img/b_docs.png HTTP/1.1" 200 705
::1 - - [04/Sep/2025:09:54:54 +1000] "GET /phpmyadmin/themes/pmahomme/img/b_sqlhelp.png HTTP/1.1" 200 512
::1 - - [04/Sep/2025:09:54:54 +1000] "GET /phpmyadmin/themes/pmahomme/img/s_reload.png HTTP/1.1" 200 527
::1 - - [04/Sep/2025:09:54:54 +1000] "GET /phpmyadmin/themes/pmahomme/img/s_cog.png HTTP/1.1" 200 442
::1 - - [04/Sep/2025:09:54:54 +1000] "GET /phpmyadmin/themes/pmahomme/img/s_collapseall.png HTTP/1.1" 200 143
::1 - - [04/Sep/2025:09:54:54 +1000] "GET /phpmyadmin/themes/pmahomme/img/s_link.png HTTP/1.1" 200 280
::1 - - [04/Sep/2025:09:54:54 +1000] "GET /phpmyadmin/themes/pmahomme/img/b_newdb.png HTTP/1.1" 200 585
::1 - - [04/Sep/2025:09:54:54 +1000] "GET /phpmyadmin/themes/pmahomme/img/b_plus.png HTTP/1.1" 200 143
::1 - - [04/Sep/2025:09:54:54 +1000] "GET /phpmyadmin/themes/pmahomme/img/s_db.png HTTP/1.1" 200 328
::1 - - [04/Sep/2025:09:54:54 +1000] "GET /phpmyadmin/themes/pmahomme/img/s_host.png HTTP/1.1" 200 591
::1 - - [04/Sep/2025:09:54:54 +1000] "GET /phpmyadmin/themes/pmahomme/img/b_sql.png HTTP/1.1" 200 680
::1 - - [04/Sep/2025:09:54:54 +1000] "GET /phpmyadmin/themes/pmahomme/img/s_rights.png HTTP/1.1" 200 461
::1 - - [04/Sep/2025:09:54:54 +1000] "GET /phpmyadmin/themes/pmahomme/img/s_status.png HTTP/1.1" 200 600
::1 - - [04/Sep/2025:09:54:54 +1000] "GET /phpmyadmin/themes/pmahomme/img/b_export.png HTTP/1.1" 200 514
::1 - - [04/Sep/2025:09:54:54 +1000] "GET /phpmyadmin/themes/pmahomme/img/b_import.png HTTP/1.1" 200 556
::1 - - [04/Sep/2025:09:54:54 +1000] "GET /phpmyadmin/themes/pmahomme/img/b_tblops.png HTTP/1.1" 200 537
::1 - - [04/Sep/2025:09:54:54 +1000] "GET /phpmyadmin/themes/pmahomme/img/s_replication.png HTTP/1.1" 200 399
::1 - - [04/Sep/2025:09:54:54 +1000] "GET /phpmyadmin/themes/pmahomme/img/s_tbl.png HTTP/1.1" 200 645
::1 - - [04/Sep/2025:09:54:54 +1000] "GET /phpmyadmin/themes/pmahomme/img/s_vars.png HTTP/1.1" 200 523
::1 - - [04/Sep/2025:09:54:54 +1000] "GET /phpmyadmin/themes/pmahomme/img/s_asci.png HTTP/1.1" 200 148
::1 - - [04/Sep/2025:09:54:54 +1000] "GET /phpmyadmin/themes/pmahomme/img/b_engine.png HTTP/1.1" 200 398
::1 - - [04/Sep/2025:09:54:54 +1000] "GET /phpmyadmin/themes/pmahomme/img/b_plugin.png HTTP/1.1" 200 512
::1 - - [04/Sep/2025:09:54:54 +1000] "GET /phpmyadmin/themes/pmahomme/img/s_top.png HTTP/1.1" 200 220
::1 - - [04/Sep/2025:09:54:54 +1000] "GET /phpmyadmin/themes/pmahomme/img/console.png HTTP/1.1" 200 292
::1 - - [04/Sep/2025:09:54:54 +1000] "GET /phpmyadmin/themes/pmahomme/img/b_help.png HTTP/1.1" 200 705
::1 - - [04/Sep/2025:09:54:54 +1000] "GET /phpmyadmin/themes/pmahomme/img/s_lang.png HTTP/1.1" 200 659
::1 - - [04/Sep/2025:09:54:54 +1000] "GET /phpmyadmin/themes/pmahomme/img/s_theme.png HTTP/1.1" 200 772
::1 - - [04/Sep/2025:09:54:54 +1000] "GET /phpmyadmin/themes/pmahomme/img/s_notice.png HTTP/1.1" 200 567
::1 - - [04/Sep/2025:09:54:54 +1000] "GET /phpmyadmin/themes/pmahomme/img/window-new.png HTTP/1.1" 200 468
::1 - - [04/Sep/2025:09:54:54 +1000] "GET /phpmyadmin/themes/pmahomme/img/b_more.png HTTP/1.1" 200 111
::1 - - [04/Sep/2025:09:54:54 +1000] "GET /phpmyadmin/favicon.ico HTTP/1.1" 200 22486
::1 - - [04/Sep/2025:09:54:54 +1000] "POST /phpmyadmin/index.php?route=/config/get HTTP/1.1" 200 1815
::1 - - [04/Sep/2025:09:54:54 +1000] "POST /phpmyadmin/index.php?route=/navigation&ajax_request=1 HTTP/1.1" 200 2543
::1 - - [04/Sep/2025:09:54:54 +1000] "POST /phpmyadmin/index.php?route=/config/get HTTP/1.1" 200 1720
::1 - - [04/Sep/2025:09:54:54 +1000] "POST /phpmyadmin/index.php?route=/version-check HTTP/1.1" 200 64
::1 - - [04/Sep/2025:09:54:54 +1000] "POST /phpmyadmin/index.php?route=/config/set HTTP/1.1" 200 1710
::1 - - [04/Sep/2025:09:56:56 +1000] "GET /phpmyadmin/themes/pmahomme/img/ajax_clock_small.gif HTTP/1.1" 200 1810
::1 - - [04/Sep/2025:09:56:56 +1000] "GET /phpmyadmin/index.php?route=/server/databases&ajax_request=true&ajax_page_request=true&_nocache=1756943816393138992&token=3b5a6e3223684a5a35586f7c3076245b HTTP/1.1" 200 8813
::1 - - [04/Sep/2025:09:56:56 +1000] "GET /phpmyadmin/themes/pmahomme/img/b_deltbl.png HTTP/1.1" 200 577
::1 - - [04/Sep/2025:09:56:56 +1000] "GET /phpmyadmin/themes/pmahomme/img/b_search.png HTTP/1.1" 200 538
::1 - - [04/Sep/2025:09:56:56 +1000] "GET /phpmyadmin/themes/pmahomme/img/s_asc.png HTTP/1.1" 200 146
::1 - - [04/Sep/2025:09:56:56 +1000] "GET /phpmyadmin/themes/pmahomme/img/s_success.png HTTP/1.1" 200 465
::1 - - [04/Sep/2025:09:56:56 +1000] "GET /phpmyadmin/js/dist/server/databases.js?v=5.2.2 HTTP/1.1" 200 4659
::1 - - [04/Sep/2025:09:57:25 +1000] "GET /ampps/themes/default/images//ampps/favicon.ico HTTP/1.1" 200 1150
::1 - - [04/Sep/2025:09:59:20 +1000] "POST /phpmyadmin/index.php?route=/server/databases/create HTTP/1.1" 200 2148
::1 - - [04/Sep/2025:09:59:21 +1000] "POST /phpmyadmin/index.php?route=/navigation&ajax_request=1 HTTP/1.1" 200 2575
::1 - - [04/Sep/2025:09:59:21 +1000] "GET /phpmyadmin/index.php?route=/database/structure&db=cas&ajax_request=true&ajax_page_request=true&_nocache=1756943961198236701&token=3b5a6e3223684a5a35586f7c3076245b HTTP/1.1" 200 3770
::1 - - [04/Sep/2025:09:59:21 +1000] "GET /phpmyadmin/themes/pmahomme/img/b_props.png HTTP/1.1" 200 573
::1 - - [04/Sep/2025:09:59:21 +1000] "GET /phpmyadmin/themes/pmahomme/img/b_routines.png HTTP/1.1" 200 306
::1 - - [04/Sep/2025:09:59:21 +1000] "GET /phpmyadmin/themes/pmahomme/img/b_triggers.png HTTP/1.1" 200 446
::1 - - [04/Sep/2025:09:59:21 +1000] "GET /phpmyadmin/themes/pmahomme/img/b_relations.png HTTP/1.1" 200 140
::1 - - [04/Sep/2025:09:59:21 +1000] "GET /phpmyadmin/themes/pmahomme/img/b_events.png HTTP/1.1" 200 703
::1 - - [04/Sep/2025:09:59:21 +1000] "GET /phpmyadmin/js/dist/database/structure.js?v=5.2.2 HTTP/1.1" 200 14699
::1 - - [04/Sep/2025:09:59:21 +1000] "GET /phpmyadmin/themes/pmahomme/img/b_table_add.png HTTP/1.1" 200 571
::1 - - [04/Sep/2025:09:59:21 +1000] "GET /phpmyadmin/js/dist/table/change.js?v=5.2.2 HTTP/1.1" 200 30114
::1 - - [04/Sep/2025:09:59:21 +1000] "POST /phpmyadmin/index.php?route=/navigation&ajax_request=1 HTTP/1.1" 200 1737
::1 - - [04/Sep/2025:09:59:22 +1000] "GET /phpmyadmin/themes/pmahomme/img/b_minus.png HTTP/1.1" 200 123
::1 - - [04/Sep/2025:09:59:30 +1000] "GET /phpmyadmin/themes/pmahomme/img/s_lock.png HTTP/1.1" 200 667
::1 - - [04/Sep/2025:10:04:55 +1000] "POST /phpmyadmin/index.php?route=/table/create HTTP/1.1" 200 55918
::1 - - [04/Sep/2025:10:04:56 +1000] "GET /phpmyadmin/js/vendor/jquery/jquery.uitablefilter.js?v=5.2.2 HTTP/1.1" 200 3139
::1 - - [04/Sep/2025:10:04:56 +1000] "GET /phpmyadmin/index.php?route=/recent-table&ajax_request=1&recent_table=1&no_debug=true&_nocache=1756944296382371464&token=3b5a6e3223684a5a35586f7c3076245b HTTP/1.1" 200 1744
::1 - - [04/Sep/2025:10:05:59 +1000] "POST /phpmyadmin/index.php?route=/table/indexes HTTP/1.1" 200 3120
::1 - - [04/Sep/2025:10:06:00 +1000] "GET /phpmyadmin/themes/pmahomme/jquery/images/ui-bg_highlight-soft_75_cccccc_1x100.png HTTP/1.1" 200 122
::1 - - [04/Sep/2025:10:06:00 +1000] "GET /phpmyadmin/themes/pmahomme/img/s_sortable.png HTTP/1.1" 200 204
::1 - - [04/Sep/2025:10:06:00 +1000] "GET /phpmyadmin/themes/pmahomme/jquery/images/ui-icons_222222_256x240.png HTTP/1.1" 200 3765
::1 - - [04/Sep/2025:10:06:36 +1000] "POST /phpmyadmin/index.php?route=/table/structure/reserved-word-check HTTP/1.1" 200 140
::1 - - [04/Sep/2025:10:06:36 +1000] "POST /phpmyadmin/index.php?route=/table/create HTTP/1.1" 200 1972
::1 - - [04/Sep/2025:10:06:37 +1000] "GET /phpmyadmin/index.php?route=/database/structure&server=1&db=cas&table=users&ajax_request=true&ajax_page_request=true&_nocache=1756944397342654470&token=3b5a6e3223684a5a35586f7c3076245b HTTP/1.1" 200 6400
::1 - - [04/Sep/2025:10:06:38 +1000] "GET /phpmyadmin/themes/pmahomme/img/b_browse.png HTTP/1.1" 200 486
::1 - - [04/Sep/2025:10:06:38 +1000] "GET /phpmyadmin/themes/pmahomme/img/b_insrow.png HTTP/1.1" 200 157
::1 - - [04/Sep/2025:10:06:38 +1000] "GET /phpmyadmin/themes/pmahomme/img/b_tblimport.png HTTP/1.1" 200 556
::1 - - [04/Sep/2025:10:06:38 +1000] "GET /phpmyadmin/themes/pmahomme/img/b_tblexport.png HTTP/1.1" 200 514
::1 - - [04/Sep/2025:10:06:38 +1000] "GET /phpmyadmin/themes/pmahomme/img/b_no_favorite.png HTTP/1.1" 200 377
::1 - - [04/Sep/2025:10:06:38 +1000] "GET /phpmyadmin/themes/pmahomme/img/bd_browse.png HTTP/1.1" 200 271
::1 - - [04/Sep/2025:10:06:38 +1000] "GET /phpmyadmin/themes/pmahomme/img/bd_select.png HTTP/1.1" 200 325
::1 - - [04/Sep/2025:10:06:38 +1000] "GET /phpmyadmin/themes/pmahomme/img/bd_empty.png HTTP/1.1" 200 327
::1 - - [04/Sep/2025:10:06:38 +1000] "GET /phpmyadmin/themes/pmahomme/img/b_drop.png HTTP/1.1" 200 637
::1 - - [04/Sep/2025:10:06:38 +1000] "GET /phpmyadmin/themes/pmahomme/img/b_tblanalyse.png HTTP/1.1" 200 152
::1 - - [04/Sep/2025:10:06:38 +1000] "GET /phpmyadmin/themes/pmahomme/img/b_print.png HTTP/1.1" 200 639
::1 - - [04/Sep/2025:10:06:38 +1000] "GET /phpmyadmin/themes/pmahomme/img/arrow_ltr.png HTTP/1.1" 200 101
::1 - - [04/Sep/2025:10:06:37 +1000] "POST /phpmyadmin/index.php?route=/navigation&ajax_request=1 HTTP/1.1" 200 2859
::1 - - [04/Sep/2025:10:06:37 +1000] "GET /phpmyadmin/index.php?route=/table/structure&server=1&db=cas&token=3b5a6e3223684a5a35586f7c3076245b&goto=index.php%3Froute%3D%2Fdatabase%2Fstructure&table=users&ajax_request=true&ajax_page_request=true&_nocache=1756944397347808402&token=3b5a6e3223684a5a35586f7c3076245b HTTP/1.1" 200 10793
::1 - - [04/Sep/2025:10:06:39 +1000] "GET /phpmyadmin/themes/pmahomme/img/b_edit.png HTTP/1.1" 200 377
::1 - - [04/Sep/2025:10:06:39 +1000] "GET /phpmyadmin/themes/pmahomme/img/b_primary.png HTTP/1.1" 200 536
::1 - - [04/Sep/2025:10:06:39 +1000] "GET /phpmyadmin/themes/pmahomme/img/b_unique.png HTTP/1.1" 200 583
::1 - - [04/Sep/2025:10:06:39 +1000] "GET /phpmyadmin/themes/pmahomme/img/b_index.png HTTP/1.1" 200 643
::1 - - [04/Sep/2025:10:06:39 +1000] "GET /phpmyadmin/themes/pmahomme/img/b_spatial.png HTTP/1.1" 200 376
::1 - - [04/Sep/2025:10:06:39 +1000] "GET /phpmyadmin/themes/pmahomme/img/b_move.png HTTP/1.1" 200 381
::1 - - [04/Sep/2025:10:06:39 +1000] "GET /phpmyadmin/themes/pmahomme/img/b_ftext.png HTTP/1.1" 200 550
::1 - - [04/Sep/2025:10:06:39 +1000] "GET /phpmyadmin/themes/pmahomme/img/normalize.png HTTP/1.1" 200 505
::1 - - [04/Sep/2025:10:06:39 +1000] "GET /phpmyadmin/themes/pmahomme/img/b_rename.svg HTTP/1.1" 200 881
::1 - - [04/Sep/2025:10:06:39 +1000] "GET /phpmyadmin/themes/pmahomme/img/b_tbloptimize.png HTTP/1.1" 200 153
::1 - - [04/Sep/2025:10:06:39 +1000] "GET /phpmyadmin/js/dist/table/structure.js?v=5.2.2 HTTP/1.1" 200 16685
::1 - - [04/Sep/2025:10:06:38 +1000] "GET /phpmyadmin/index.php?route=/recent-table&ajax_request=1&recent_table=1&no_debug=true&_nocache=1756944398294783587&token=3b5a6e3223684a5a35586f7c3076245b HTTP/1.1" 200 1761
::1 - - [04/Sep/2025:10:06:39 +1000] "GET /phpmyadmin/index.php?route=/recent-table&ajax_request=1&recent_table=1&no_debug=true&_nocache=1756944399383526818&token=3b5a6e3223684a5a35586f7c3076245b HTTP/1.1" 200 1761
::1 - - [04/Sep/2025:10:06:58 +1000] "GET /phpmyadmin/index.php?route=/table/structure/change&db=cas&table=users&field=lastname&change_column=1 HTTP/1.1" 200 20837
::1 - - [04/Sep/2025:10:06:59 +1000] "GET /phpmyadmin/js/messages.php?l=ru&v=5.2.2 HTTP/1.1" 200 12938
::1 - - [04/Sep/2025:10:06:59 +1000] "POST /phpmyadmin/index.php?route=/navigation&ajax_request=1 HTTP/1.1" 200 2859
::1 - - [04/Sep/2025:10:06:59 +1000] "POST /phpmyadmin/index.php?route=/config/get HTTP/1.1" 200 1720
::1 - - [04/Sep/2025:10:06:59 +1000] "POST /phpmyadmin/index.php?route=/config/get HTTP/1.1" 200 1814
::1 - - [04/Sep/2025:10:06:59 +1000] "GET /phpmyadmin/index.php?route=/recent-table&ajax_request=1&recent_table=1&no_debug=true&_nocache=1756944419836712162&token=3b5a6e3223684a5a35586f7c3076245b HTTP/1.1" 200 1761
::1 - - [04/Sep/2025:10:07:00 +1000] "POST /phpmyadmin/index.php?route=/config/set HTTP/1.1" 200 1710
::1 - - [04/Sep/2025:10:07:03 +1000] "POST /phpmyadmin/index.php?route=/table/structure/save HTTP/1.1" 200 19410
::1 - - [04/Sep/2025:10:07:03 +1000] "POST /phpmyadmin/index.php?route=/navigation&ajax_request=1 HTTP/1.1" 200 2859
::1 - - [04/Sep/2025:10:07:03 +1000] "POST /phpmyadmin/index.php?route=/config/get HTTP/1.1" 200 1720
::1 - - [04/Sep/2025:10:07:03 +1000] "POST /phpmyadmin/index.php?route=/config/get HTTP/1.1" 200 1814
::1 - - [04/Sep/2025:10:07:03 +1000] "GET /phpmyadmin/index.php?route=/recent-table&ajax_request=1&recent_table=1&no_debug=true&_nocache=1756944423816830495&token=3b5a6e3223684a5a35586f7c3076245b HTTP/1.1" 200 1761
::1 - - [04/Sep/2025:10:07:04 +1000] "POST /phpmyadmin/index.php?route=/config/set HTTP/1.1" 200 1710
